<?xml version="1.0" encoding="UTF-8"?>
<testng-results ignored="0" total="1" passed="1" failed="0" skipped="0">
  <reporter-output>
  </reporter-output>
  <suite started-at="2024-02-27T18:13:03 IST" name="Default suite" finished-at="2024-02-27T18:13:17 IST" duration-ms="14220">
    <groups>
    </groups>
    <test started-at="2024-02-27T18:13:03 IST" name="Default test" finished-at="2024-02-27T18:13:17 IST" duration-ms="14220">
      <class name="testScripts.FirstTest">
        <test-method signature="TC01_LaunchApp()[pri:0, instance:testScripts.FirstTest@46fa7c39]" started-at="2024-02-27T18:13:03 IST" name="TC01_LaunchApp" finished-at="2024-02-27T18:13:17 IST" duration-ms="14146" status="PASS">
          <reporter-output>
          </reporter-output>
        </test-method> <!-- TC01_LaunchApp -->
      </class> <!-- testScripts.FirstTest -->
    </test> <!-- Default test -->
  </suite> <!-- Default suite -->
</testng-results>
